This file contains any messages produced by compilers while
running configure, to aid debugging if configure makes a mistake.

It was created by Neoband configure 0.5.0, which was
generated by GNU Autoconf 2.69.  Invocation command line was

  $ ./configure --enable-sdl --with-no-install

## --------- ##
## Platform. ##
## --------- ##

hostname = defiant
uname -m = i686
uname -r = 3.2.45-smp
uname -s = Linux
uname -v = #2 SMP Fri May 31 16:57:40 CDT 2013

/usr/bin/uname -p = Intel(R) Pentium(R) Dual  CPU  T2330  @ 1.60GHz
/bin/uname -X     = unknown

/bin/arch              = i686
/usr/bin/arch -k       = unknown
/usr/convex/getsysinfo = unknown
/usr/bin/hostinfo      = unknown
/bin/machine           = unknown
/usr/bin/oslevel       = unknown
/bin/universe          = unknown

PATH: /usr/local/bin
PATH: /usr/bin
PATH: /bin
PATH: /usr/games
PATH: /usr/lib/kde4/libexec
PATH: /usr/lib/java/jre/bin
PATH: /usr/lib/qt/bin
PATH: .


## ----------- ##
## Core tests. ##
## ----------- ##

configure:2344: checking for gcc
configure:2360: found /usr/bin/gcc
configure:2371: result: gcc
configure:2600: checking for C compiler version
configure:2609: gcc --version >&5
gcc (GCC) 4.7.1
Copyright (C) 2012 Free Software Foundation, Inc.
This is free software; see the source for copying conditions.  There is NO
warranty; not even for MERCHANTABILITY or FITNESS FOR A PARTICULAR PURPOSE.

configure:2620: $? = 0
configure:2609: gcc -v >&5
Reading specs from /usr/lib/gcc/i486-slackware-linux/4.7.1/specs
COLLECT_GCC=gcc
COLLECT_LTO_WRAPPER=/usr/libexec/gcc/i486-slackware-linux/4.7.1/lto-wrapper
Target: i486-slackware-linux
Configured with: ../gcc-4.7.1/configure --prefix=/usr --libdir=/usr/lib --mandir=/usr/man --infodir=/usr/info --enable-shared --enable-bootstrap --enable-languages=ada,c,c++,fortran,go,java,lto,objc --enable-threads=posix --enable-checking=release --enable-objc-gc --with-system-zlib --with-python-dir=/lib/python2.7/site-packages --disable-libunwind-exceptions --enable-__cxa_atexit --enable-libssp --enable-lto --with-gnu-ld --verbose --enable-java-home --with-java-home=/usr/lib/jvm/jre --with-jvm-root-dir=/usr/lib/jvm --with-jvm-jar-dir=/usr/lib/jvm/jvm-exports --with-arch-directory=i386 --with-antlr-jar=/root/slackware-current/source/d/gcc/antlr-runtime-3.4.jar --enable-java-awt=gtk --disable-gtktest --with-arch=i486 --target=i486-slackware-linux --build=i486-slackware-linux --host=i486-slackware-linux
Thread model: posix
gcc version 4.7.1 (GCC) 
configure:2620: $? = 0
configure:2609: gcc -V >&5
gcc: error: unrecognized command line option '-V'
gcc: fatal error: no input files
compilation terminated.
configure:2620: $? = 1
configure:2609: gcc -qversion >&5
gcc: error: unrecognized command line option '-qversion'
gcc: fatal error: no input files
compilation terminated.
configure:2620: $? = 1
configure:2640: checking whether the C compiler works
configure:2662: gcc    conftest.c  >&5
configure:2666: $? = 0
configure:2714: result: yes
configure:2717: checking for C compiler default output file name
configure:2719: result: a.out
configure:2725: checking for suffix of executables
configure:2732: gcc -o conftest    conftest.c  >&5
configure:2736: $? = 0
configure:2758: result: 
configure:2780: checking whether we are cross compiling
configure:2788: gcc -o conftest    conftest.c  >&5
configure:2792: $? = 0
configure:2799: ./conftest
configure:2803: $? = 0
configure:2818: result: no
configure:2823: checking for suffix of object files
configure:2845: gcc -c   conftest.c >&5
configure:2849: $? = 0
configure:2870: result: o
configure:2874: checking whether we are using the GNU C compiler
configure:2893: gcc -c   conftest.c >&5
configure:2893: $? = 0
configure:2902: result: yes
configure:2911: checking whether gcc accepts -g
configure:2931: gcc -c -g  conftest.c >&5
configure:2931: $? = 0
configure:2972: result: yes
configure:2989: checking for gcc option to accept ISO C89
configure:3052: gcc  -c -g -O2  conftest.c >&5
configure:3052: $? = 0
configure:3065: result: none needed
configure:3085: checking whether make sets $(MAKE)
configure:3107: result: yes
configure:3116: checking whether ln -s works
configure:3120: result: yes
configure:3170: checking for a BSD-compatible install
configure:3238: result: /usr/bin/ginstall -c
configure:3249: checking for a thread-safe mkdir -p
configure:3288: result: /usr/bin/mkdir -p
configure:3294: checking for rm
configure:3312: found /usr/bin/rm
configure:3324: result: /usr/bin/rm
configure:3334: checking for mv
configure:3352: found /usr/bin/mv
configure:3364: result: /usr/bin/mv
configure:3374: checking for cp
configure:3392: found /usr/bin/cp
configure:3404: result: /usr/bin/cp
configure:3417: checking for dirent.h that defines DIR
configure:3436: gcc -c -g -O2  conftest.c >&5
configure:3436: $? = 0
configure:3444: result: yes
configure:3457: checking for library containing opendir
configure:3488: gcc -o conftest -g -O2   conftest.c  >&5
configure:3488: $? = 0
configure:3505: result: none required
configure:3577: checking how to run the C preprocessor
configure:3608: gcc -E  conftest.c
configure:3608: $? = 0
configure:3622: gcc -E  conftest.c
conftest.c:12:28: fatal error: ac_nonexistent.h: No such file or directory
compilation terminated.
configure:3622: $? = 1
configure: failed program was:
| /* confdefs.h */
| #define PACKAGE_NAME "Neoband"
| #define PACKAGE_TARNAME "neoband"
| #define PACKAGE_VERSION "0.5.0"
| #define PACKAGE_STRING "Neoband 0.5.0"
| #define PACKAGE_BUGREPORT "angband.oook.cz"
| #define PACKAGE_URL ""
| #define PACKAGE "neoband"
| #define VERSION "0.5.0"
| #define HAVE_DIRENT_H 1
| /* end confdefs.h.  */
| #include <ac_nonexistent.h>
configure:3647: result: gcc -E
configure:3667: gcc -E  conftest.c
configure:3667: $? = 0
configure:3681: gcc -E  conftest.c
conftest.c:12:28: fatal error: ac_nonexistent.h: No such file or directory
compilation terminated.
configure:3681: $? = 1
configure: failed program was:
| /* confdefs.h */
| #define PACKAGE_NAME "Neoband"
| #define PACKAGE_TARNAME "neoband"
| #define PACKAGE_VERSION "0.5.0"
| #define PACKAGE_STRING "Neoband 0.5.0"
| #define PACKAGE_BUGREPORT "angband.oook.cz"
| #define PACKAGE_URL ""
| #define PACKAGE "neoband"
| #define VERSION "0.5.0"
| #define HAVE_DIRENT_H 1
| /* end confdefs.h.  */
| #include <ac_nonexistent.h>
configure:3710: checking for grep that handles long lines and -e
configure:3768: result: /usr/bin/grep
configure:3773: checking for egrep
configure:3835: result: /usr/bin/grep -E
configure:3840: checking for ANSI C header files
configure:3860: gcc -c -g -O2  conftest.c >&5
configure:3860: $? = 0
configure:3933: gcc -o conftest -g -O2   conftest.c  >&5
configure:3933: $? = 0
configure:3933: ./conftest
configure:3933: $? = 0
configure:3944: result: yes
configure:3957: checking for sys/types.h
configure:3957: gcc -c -g -O2  conftest.c >&5
configure:3957: $? = 0
configure:3957: result: yes
configure:3957: checking for sys/stat.h
configure:3957: gcc -c -g -O2  conftest.c >&5
configure:3957: $? = 0
configure:3957: result: yes
configure:3957: checking for stdlib.h
configure:3957: gcc -c -g -O2  conftest.c >&5
configure:3957: $? = 0
configure:3957: result: yes
configure:3957: checking for string.h
configure:3957: gcc -c -g -O2  conftest.c >&5
configure:3957: $? = 0
configure:3957: result: yes
configure:3957: checking for memory.h
configure:3957: gcc -c -g -O2  conftest.c >&5
configure:3957: $? = 0
configure:3957: result: yes
configure:3957: checking for strings.h
configure:3957: gcc -c -g -O2  conftest.c >&5
configure:3957: $? = 0
configure:3957: result: yes
configure:3957: checking for inttypes.h
configure:3957: gcc -c -g -O2  conftest.c >&5
configure:3957: $? = 0
configure:3957: result: yes
configure:3957: checking for stdint.h
configure:3957: gcc -c -g -O2  conftest.c >&5
configure:3957: $? = 0
configure:3957: result: yes
configure:3957: checking for unistd.h
configure:3957: gcc -c -g -O2  conftest.c >&5
configure:3957: $? = 0
configure:3957: result: yes
configure:3972: checking fcntl.h usability
configure:3972: gcc -c -g -O2  conftest.c >&5
configure:3972: $? = 0
configure:3972: result: yes
configure:3972: checking fcntl.h presence
configure:3972: gcc -E  conftest.c
configure:3972: $? = 0
configure:3972: result: yes
configure:3972: checking for fcntl.h
configure:3972: result: yes
configure:3972: checking for stdint.h
configure:3972: result: yes
configure:3982: checking for stdbool.h that conforms to C99
configure:4049: gcc -c -g -O2  conftest.c >&5
configure:4049: $? = 0
configure:4056: result: yes
configure:4058: checking for _Bool
configure:4058: gcc -c -g -O2  conftest.c >&5
configure:4058: $? = 0
configure:4058: gcc -c -g -O2  conftest.c >&5
conftest.c: In function 'main':
conftest.c:60:20: error: expected expression before ')' token
configure:4058: $? = 1
configure: failed program was:
| /* confdefs.h */
| #define PACKAGE_NAME "Neoband"
| #define PACKAGE_TARNAME "neoband"
| #define PACKAGE_VERSION "0.5.0"
| #define PACKAGE_STRING "Neoband 0.5.0"
| #define PACKAGE_BUGREPORT "angband.oook.cz"
| #define PACKAGE_URL ""
| #define PACKAGE "neoband"
| #define VERSION "0.5.0"
| #define HAVE_DIRENT_H 1
| #define STDC_HEADERS 1
| #define HAVE_SYS_TYPES_H 1
| #define HAVE_SYS_STAT_H 1
| #define HAVE_STDLIB_H 1
| #define HAVE_STRING_H 1
| #define HAVE_MEMORY_H 1
| #define HAVE_STRINGS_H 1
| #define HAVE_INTTYPES_H 1
| #define HAVE_STDINT_H 1
| #define HAVE_UNISTD_H 1
| #define HAVE_FCNTL_H 1
| #define HAVE_STDINT_H 1
| /* end confdefs.h.  */
| #include <stdio.h>
| #ifdef HAVE_SYS_TYPES_H
| # include <sys/types.h>
| #endif
| #ifdef HAVE_SYS_STAT_H
| # include <sys/stat.h>
| #endif
| #ifdef STDC_HEADERS
| # include <stdlib.h>
| # include <stddef.h>
| #else
| # ifdef HAVE_STDLIB_H
| #  include <stdlib.h>
| # endif
| #endif
| #ifdef HAVE_STRING_H
| # if !defined STDC_HEADERS && defined HAVE_MEMORY_H
| #  include <memory.h>
| # endif
| # include <string.h>
| #endif
| #ifdef HAVE_STRINGS_H
| # include <strings.h>
| #endif
| #ifdef HAVE_INTTYPES_H
| # include <inttypes.h>
| #endif
| #ifdef HAVE_STDINT_H
| # include <stdint.h>
| #endif
| #ifdef HAVE_UNISTD_H
| # include <unistd.h>
| #endif
| int
| main ()
| {
| if (sizeof ((_Bool)))
| 	    return 0;
|   ;
|   return 0;
| }
configure:4058: result: yes
configure:4075: checking for an ANSI C-conforming const
configure:4141: gcc -c -g -O2  conftest.c >&5
configure:4141: $? = 0
configure:4148: result: yes
configure:4156: checking return type of signal handlers
configure:4174: gcc -c -g -O2  conftest.c >&5
conftest.c: In function 'main':
conftest.c:32:1: error: void value not ignored as it ought to be
configure:4174: $? = 1
configure: failed program was:
| /* confdefs.h */
| #define PACKAGE_NAME "Neoband"
| #define PACKAGE_TARNAME "neoband"
| #define PACKAGE_VERSION "0.5.0"
| #define PACKAGE_STRING "Neoband 0.5.0"
| #define PACKAGE_BUGREPORT "angband.oook.cz"
| #define PACKAGE_URL ""
| #define PACKAGE "neoband"
| #define VERSION "0.5.0"
| #define HAVE_DIRENT_H 1
| #define STDC_HEADERS 1
| #define HAVE_SYS_TYPES_H 1
| #define HAVE_SYS_STAT_H 1
| #define HAVE_STDLIB_H 1
| #define HAVE_STRING_H 1
| #define HAVE_MEMORY_H 1
| #define HAVE_STRINGS_H 1
| #define HAVE_INTTYPES_H 1
| #define HAVE_STDINT_H 1
| #define HAVE_UNISTD_H 1
| #define HAVE_FCNTL_H 1
| #define HAVE_STDINT_H 1
| #define HAVE__BOOL 1
| #define HAVE_STDBOOL_H 1
| /* end confdefs.h.  */
| #include <sys/types.h>
| #include <signal.h>
| 
| int
| main ()
| {
| return *(signal (0, 0)) (0) == 1;
|   ;
|   return 0;
| }
configure:4181: result: void
configure:4192: checking for mkdir
configure:4192: gcc -o conftest -g -O2   conftest.c  >&5
configure:4192: $? = 0
configure:4192: result: yes
configure:4192: checking for setresgid
configure:4192: gcc -o conftest -g -O2   conftest.c  >&5
configure:4192: $? = 0
configure:4192: result: yes
configure:4192: checking for setegid
configure:4192: gcc -o conftest -g -O2   conftest.c  >&5
configure:4192: $? = 0
configure:4192: result: yes
configure:4192: checking for stat
configure:4192: gcc -o conftest -g -O2   conftest.c  >&5
configure:4192: $? = 0
configure:4192: result: yes
configure:4211: checking if make supports SysV-style inclusion
configure:4231: result: yes
configure:4238: checking for make silent include syntax
configure:4266: result: gnu
configure:4472: checking for initscr in -lcurses  
configure:4497: gcc -o conftest -g -O2 -DHAVE_CONFIG_H -fno-strength-reduce -W -Wall -Wno-unused-parameter -Wno-missing-field-initializers -pedantic  -I.  conftest.c -lcurses     >&5
configure:4497: $? = 0
configure:4507: result: yes
configure:4516: checking for initscr in -lncurses 
configure:4541: gcc -o conftest -g -O2 -DHAVE_CONFIG_H -fno-strength-reduce -W -Wall -Wno-unused-parameter -Wno-missing-field-initializers -pedantic  -I.  conftest.c -lncurses    >&5
configure:4541: $? = 0
configure:4551: result: yes
configure:4559: checking for initscr in -lpdcurses
configure:4584: gcc -o conftest -g -O2 -DHAVE_CONFIG_H -fno-strength-reduce -W -Wall -Wno-unused-parameter -Wno-missing-field-initializers -pedantic  -I.  conftest.c -lpdcurses   >&5
/usr/lib/gcc/i486-slackware-linux/4.7.1/../../../../i486-slackware-linux/bin/ld: cannot find -lpdcurses
collect2: error: ld returned 1 exit status
configure:4584: $? = 1
configure: failed program was:
| /* confdefs.h */
| #define PACKAGE_NAME "Neoband"
| #define PACKAGE_TARNAME "neoband"
| #define PACKAGE_VERSION "0.5.0"
| #define PACKAGE_STRING "Neoband 0.5.0"
| #define PACKAGE_BUGREPORT "angband.oook.cz"
| #define PACKAGE_URL ""
| #define PACKAGE "neoband"
| #define VERSION "0.5.0"
| #define HAVE_DIRENT_H 1
| #define STDC_HEADERS 1
| #define HAVE_SYS_TYPES_H 1
| #define HAVE_SYS_STAT_H 1
| #define HAVE_STDLIB_H 1
| #define HAVE_STRING_H 1
| #define HAVE_MEMORY_H 1
| #define HAVE_STRINGS_H 1
| #define HAVE_INTTYPES_H 1
| #define HAVE_STDINT_H 1
| #define HAVE_UNISTD_H 1
| #define HAVE_FCNTL_H 1
| #define HAVE_STDINT_H 1
| #define HAVE__BOOL 1
| #define HAVE_STDBOOL_H 1
| #define RETSIGTYPE void
| #define HAVE_MKDIR 1
| #define HAVE_SETRESGID 1
| #define HAVE_SETEGID 1
| #define HAVE_STAT 1
| #define DEFAULT_CONFIG_PATH "./lib/"
| #define DEFAULT_LIB_PATH "./lib/"
| #define DEFAULT_DATA_PATH "./lib/"
| /* end confdefs.h.  */
| 
| /* Override any GCC internal prototype to avoid an error.
|    Use char because int might match the return type of a GCC
|    builtin and then its argument prototype would still apply.  */
| #ifdef __cplusplus
| extern "C"
| #endif
| char initscr ();
| int
| main ()
| {
| return initscr ();
|   ;
|   return 0;
| }
configure:4593: result: no
configure:4640: checking for use_default_colors
configure:4640: gcc -o conftest -g -O2 -DHAVE_CONFIG_H -fno-strength-reduce -W -Wall -Wno-unused-parameter -Wno-missing-field-initializers -pedantic  -I.  -lncurses conftest.c  >&5
configure:4640: $? = 0
configure:4640: result: yes
configure:4640: checking for can_change_color
configure:4640: gcc -o conftest -g -O2 -DHAVE_CONFIG_H -fno-strength-reduce -W -Wall -Wno-unused-parameter -Wno-missing-field-initializers -pedantic  -I.  -lncurses conftest.c  >&5
configure:4640: $? = 0
configure:4640: result: yes
configure:4651: checking for X
configure:4790: gcc -o conftest -g -O2 -DHAVE_CONFIG_H -fno-strength-reduce -W -Wall -Wno-unused-parameter -Wno-missing-field-initializers -pedantic  -I.  -lncurses conftest.c -lX11  >&5
configure:4790: $? = 0
configure:4840: result: libraries , headers 
configure:4939: gcc -o conftest -g -O2 -DHAVE_CONFIG_H -fno-strength-reduce -W -Wall -Wno-unused-parameter -Wno-missing-field-initializers -pedantic  -I.  -lncurses conftest.c   -lX11 >&5
configure:4939: $? = 0
configure:5037: checking for gethostbyname
configure:5037: gcc -o conftest -g -O2 -DHAVE_CONFIG_H -fno-strength-reduce -W -Wall -Wno-unused-parameter -Wno-missing-field-initializers -pedantic  -I.  -lncurses conftest.c  >&5
configure:5037: $? = 0
configure:5037: result: yes
configure:5134: checking for connect
configure:5134: gcc -o conftest -g -O2 -DHAVE_CONFIG_H -fno-strength-reduce -W -Wall -Wno-unused-parameter -Wno-missing-field-initializers -pedantic  -I.  -lncurses conftest.c  >&5
configure:5134: $? = 0
configure:5134: result: yes
configure:5183: checking for remove
configure:5183: gcc -o conftest -g -O2 -DHAVE_CONFIG_H -fno-strength-reduce -W -Wall -Wno-unused-parameter -Wno-missing-field-initializers -pedantic  -I.  -lncurses conftest.c  >&5
configure:5183: $? = 0
configure:5183: result: yes
configure:5232: checking for shmat
configure:5232: gcc -o conftest -g -O2 -DHAVE_CONFIG_H -fno-strength-reduce -W -Wall -Wno-unused-parameter -Wno-missing-field-initializers -pedantic  -I.  -lncurses conftest.c  >&5
configure:5232: $? = 0
configure:5232: result: yes
configure:5290: checking for IceConnectionNumber in -lICE
configure:5315: gcc -o conftest -g -O2 -DHAVE_CONFIG_H -fno-strength-reduce -W -Wall -Wno-unused-parameter -Wno-missing-field-initializers -pedantic  -I.  -lncurses conftest.c -lICE   >&5
configure:5315: $? = 0
configure:5324: result: yes
configure:5387: checking for sdl-config
configure:5405: found /usr/bin/sdl-config
configure:5418: result: /usr/bin/sdl-config
configure:5427: checking for SDL - version >= 1.2.10
configure:5512: gcc -o conftest -g -O2 -DHAVE_CONFIG_H -fno-strength-reduce -W -Wall -Wno-unused-parameter -Wno-missing-field-initializers -pedantic  -I/usr/include/SDL -D_GNU_SOURCE=1 -D_REENTRANT  -I.  -lncurses  -lSM -lICE  -lX11  conftest.c  -L/usr/lib -Wl,-rpath,/usr/lib -lSDL -lpthread >&5
configure:5512: $? = 0
configure:5512: ./conftest
configure:5512: $? = 0
configure:5526: result: yes
configure:5592: checking for IMG_LoadPNG_RW in -lSDL_image
configure:5617: gcc -o conftest -g -O2 -DHAVE_CONFIG_H -fno-strength-reduce -W -Wall -Wno-unused-parameter -Wno-missing-field-initializers -pedantic   -I.  -lncurses  -lSM -lICE  -lX11  conftest.c -lSDL_image   >&5
configure:5617: $? = 0
configure:5626: result: yes
configure:5634: checking for TTF_Init in -lSDL_ttf
configure:5659: gcc -o conftest -g -O2 -DHAVE_CONFIG_H -fno-strength-reduce -W -Wall -Wno-unused-parameter -Wno-missing-field-initializers -pedantic   -I.  -lncurses  -lSM -lICE  -lX11  conftest.c -lSDL_ttf   >&5
configure:5659: $? = 0
configure:5668: result: yes
configure:5906: checking for Mix_OpenAudio in -lSDL_mixer
configure:5931: gcc -o conftest -g -O2 -DHAVE_CONFIG_H -fno-strength-reduce -W -Wall -Wno-unused-parameter -Wno-missing-field-initializers -pedantic  -I/usr/include/SDL -D_GNU_SOURCE=1 -D_REENTRANT  -I.  -lncurses  -lSM -lICE  -lX11  -L/usr/lib -Wl,-rpath,/usr/lib -lSDL -lpthread -lSDL_image -lSDL_ttf conftest.c -lSDL_mixer   >&5
configure:5931: $? = 0
configure:5940: result: yes
configure:6081: creating ./config.status

## ---------------------- ##
## Running config.status. ##
## ---------------------- ##

This file was extended by Neoband config.status 0.5.0, which was
generated by GNU Autoconf 2.69.  Invocation command line was

  CONFIG_FILES    = 
  CONFIG_HEADERS  = 
  CONFIG_LINKS    = 
  CONFIG_COMMANDS = 
  $ ./config.status 

on defiant

config.status:854: creating mk/extra.mk
config.status:854: creating mk/sinclude.mk
config.status:854: creating src/autoconf.h
config.status:1035: src/autoconf.h is unchanged

## ---------------- ##
## Cache variables. ##
## ---------------- ##

ac_cv_c_compiler_gnu=yes
ac_cv_c_const=yes
ac_cv_env_CC_set=
ac_cv_env_CC_value=
ac_cv_env_CFLAGS_set=
ac_cv_env_CFLAGS_value=
ac_cv_env_CPPFLAGS_set=
ac_cv_env_CPPFLAGS_value=
ac_cv_env_CPP_set=
ac_cv_env_CPP_value=
ac_cv_env_LDFLAGS_set=
ac_cv_env_LDFLAGS_value=
ac_cv_env_LIBS_set=
ac_cv_env_LIBS_value=
ac_cv_env_MAKE_set=
ac_cv_env_MAKE_value=
ac_cv_env_XMKMF_set=
ac_cv_env_XMKMF_value=
ac_cv_env_build_alias_set=
ac_cv_env_build_alias_value=
ac_cv_env_host_alias_set=
ac_cv_env_host_alias_value=
ac_cv_env_target_alias_set=
ac_cv_env_target_alias_value=
ac_cv_func_can_change_color=yes
ac_cv_func_connect=yes
ac_cv_func_gethostbyname=yes
ac_cv_func_mkdir=yes
ac_cv_func_remove=yes
ac_cv_func_setegid=yes
ac_cv_func_setresgid=yes
ac_cv_func_shmat=yes
ac_cv_func_stat=yes
ac_cv_func_use_default_colors=yes
ac_cv_have_x='have_x=yes	ac_x_includes='\'''\''	ac_x_libraries='\'''\'''
ac_cv_header_dirent_dirent_h=yes
ac_cv_header_fcntl_h=yes
ac_cv_header_inttypes_h=yes
ac_cv_header_memory_h=yes
ac_cv_header_stdbool_h=yes
ac_cv_header_stdc=yes
ac_cv_header_stdint_h=yes
ac_cv_header_stdlib_h=yes
ac_cv_header_string_h=yes
ac_cv_header_strings_h=yes
ac_cv_header_sys_stat_h=yes
ac_cv_header_sys_types_h=yes
ac_cv_header_unistd_h=yes
ac_cv_lib_ICE_IceConnectionNumber=yes
ac_cv_lib_SDL_image_IMG_LoadPNG_RW=yes
ac_cv_lib_SDL_mixer_Mix_OpenAudio=yes
ac_cv_lib_SDL_ttf_TTF_Init=yes
ac_cv_lib_curses_____initscr=yes
ac_cv_lib_ncurses____initscr=yes
ac_cv_lib_pdcurses_initscr=no
ac_cv_objext=o
ac_cv_path_CP=/usr/bin/cp
ac_cv_path_EGREP='/usr/bin/grep -E'
ac_cv_path_GREP=/usr/bin/grep
ac_cv_path_MV=/usr/bin/mv
ac_cv_path_RM=/usr/bin/rm
ac_cv_path_SDL_CONFIG=/usr/bin/sdl-config
ac_cv_path_install='/usr/bin/ginstall -c'
ac_cv_path_mkdir=/usr/bin/mkdir
ac_cv_prog_CPP='gcc -E'
ac_cv_prog_ac_ct_CC=gcc
ac_cv_prog_cc_c89=
ac_cv_prog_cc_g=yes
ac_cv_prog_make_make_set=yes
ac_cv_search_opendir='none required'
ac_cv_type__Bool=yes
ac_cv_type_signal=void
my_cv_make_inclusion_sysv=yes
my_cv_make_sinclude_syntax=gnu

## ----------------- ##
## Output variables. ##
## ----------------- ##

CC='gcc'
CFLAGS='-g -O2 -DHAVE_CONFIG_H -fno-strength-reduce -W -Wall -Wno-unused-parameter -Wno-missing-field-initializers -pedantic  -I/usr/include/SDL -D_GNU_SOURCE=1 -D_REENTRANT -I/usr/include/SDL -D_GNU_SOURCE=1 -D_REENTRANT'
CP='/usr/bin/cp'
CPP='gcc -E'
CPPFLAGS=' -I.'
DEFS='-DHAVE_CONFIG_H'
ECHO_C=''
ECHO_N='-n'
ECHO_T=''
EGREP='/usr/bin/grep -E'
EXEEXT=''
GLIB_CFLAGS=''
GLIB_LIBS=''
GREP='/usr/bin/grep'
GTK_CFLAGS=''
GTK_LIBS=''
INSTALL_DATA='${INSTALL} -m 644'
INSTALL_PROGRAM='${INSTALL}'
INSTALL_SCRIPT='${INSTALL}'
LDFLAGS=' -lncurses  -lSM -lICE  -lX11  -L/usr/lib -Wl,-rpath,/usr/lib -lSDL -lpthread -lSDL_image -lSDL_ttf -lSDL_mixer'
LIBOBJS=''
LIBS=''
LN_S='ln -s'
LTLIBOBJS=''
MAKE=''
MAKE_SINCLUDE='-include'
MKDIR_P='/usr/bin/mkdir -p'
MV='/usr/bin/mv'
NOINSTALL=''
OBJEXT='o'
PACKAGE='neoband'
PACKAGE_BUGREPORT='angband.oook.cz'
PACKAGE_NAME='Neoband'
PACKAGE_STRING='Neoband 0.5.0'
PACKAGE_TARNAME='neoband'
PACKAGE_URL=''
PACKAGE_VERSION='0.5.0'
PATH_SEPARATOR=':'
PKG_CONFIG=''
RM='/usr/bin/rm'
SDL_CFLAGS='-I/usr/include/SDL -D_GNU_SOURCE=1 -D_REENTRANT'
SDL_CONFIG='/usr/bin/sdl-config'
SDL_LIBS='-L/usr/lib -Wl,-rpath,/usr/lib -lSDL -lpthread'
SETEGID=''
SET_MAKE=''
SHELL='/bin/sh'
VERSION='0.5.0'
XMKMF=''
X_CFLAGS=''
X_EXTRA_LIBS=''
X_LIBS=''
X_PRE_LIBS=' -lSM -lICE'
ac_ct_CC='gcc'
bindir='..'
build_alias=''
configdir='./lib/'
datadir='${datarootdir}'
datarootdir='${prefix}/share'
docdir='${datarootdir}/doc/${PACKAGE_TARNAME}'
dvidir='${docdir}'
exec_prefix='/usr/local'
host_alias=''
htmldir='${docdir}'
includedir='${prefix}/include'
infodir='${datarootdir}/info'
libdatadir='./lib/'
libdir='${exec_prefix}/lib'
libexecdir='${exec_prefix}/libexec'
localedir='${datarootdir}/locale'
localstatedir='${prefix}/var'
mandir='${datarootdir}/man'
oldincludedir='/usr/include'
pdfdir='${docdir}'
prefix='/usr/local'
program_transform_name='s,x,x,'
psdir='${docdir}'
sbindir='${exec_prefix}/sbin'
sharedstatedir='${prefix}/com'
sysconfdir='${prefix}/etc'
target_alias=''
vardatadir='./lib/'

## ----------- ##
## confdefs.h. ##
## ----------- ##

/* confdefs.h */
#define PACKAGE_NAME "Neoband"
#define PACKAGE_TARNAME "neoband"
#define PACKAGE_VERSION "0.5.0"
#define PACKAGE_STRING "Neoband 0.5.0"
#define PACKAGE_BUGREPORT "angband.oook.cz"
#define PACKAGE_URL ""
#define PACKAGE "neoband"
#define VERSION "0.5.0"
#define HAVE_DIRENT_H 1
#define STDC_HEADERS 1
#define HAVE_SYS_TYPES_H 1
#define HAVE_SYS_STAT_H 1
#define HAVE_STDLIB_H 1
#define HAVE_STRING_H 1
#define HAVE_MEMORY_H 1
#define HAVE_STRINGS_H 1
#define HAVE_INTTYPES_H 1
#define HAVE_STDINT_H 1
#define HAVE_UNISTD_H 1
#define HAVE_FCNTL_H 1
#define HAVE_STDINT_H 1
#define HAVE__BOOL 1
#define HAVE_STDBOOL_H 1
#define RETSIGTYPE void
#define HAVE_MKDIR 1
#define HAVE_SETRESGID 1
#define HAVE_SETEGID 1
#define HAVE_STAT 1
#define DEFAULT_CONFIG_PATH "./lib/"
#define DEFAULT_LIB_PATH "./lib/"
#define DEFAULT_DATA_PATH "./lib/"
#define USE_NCURSES 1
#define USE_GCU 1
#define HAVE_USE_DEFAULT_COLORS 1
#define HAVE_CAN_CHANGE_COLOR 1
#define USE_X11 1
#define USE_SDL 1
#define SOUND_SDL 1

configure: exit 0
